\BOOKMARK [0][-]{chapter*.2}{\376\377\000\315\000n\000d\000i\000c\000e\000\040\000G\000e\000n\000e\000r\000a\000l\000\040}{}% 1
\BOOKMARK [0][-]{chapter*.3}{\376\377\000\315\000n\000d\000i\000c\000e\000\040\000d\000e\000\040\000F\000i\000g\000u\000r\000a\000s}{}% 2
\BOOKMARK [0][-]{chapter*.4}{\376\377\000\315\000n\000d\000i\000c\000e\000\040\000d\000e\000\040\000T\000a\000b\000l\000a\000s}{}% 3
\BOOKMARK [0][-]{chapter*.5}{\376\377\000\315\000n\000d\000i\000c\000e\000\040\000d\000e\000\040\000A\000l\000g\000o\000r\000i\000t\000m\000o\000s}{}% 4
\BOOKMARK [0][-]{chapter*.6}{\376\377\000R\000e\000s\000u\000m\000e\000n}{}% 5
\BOOKMARK [0][-]{chapter*.7}{\376\377\000A\000b\000s\000t\000r\000a\000c\000t}{}% 6
\BOOKMARK [0][-]{chapter*.8}{\376\377\000N\000o\000m\000e\000n\000c\000l\000a\000t\000u\000r\000a}{}% 7
\BOOKMARK [0][-]{chapter.1}{\376\377\000I\000n\000t\000r\000o\000d\000u\000c\000t\000i\000o\000n}{}% 8
\BOOKMARK [1][-]{section.1.1}{\376\377\000P\000r\000o\000b\000l\000e\000m\000\040\000s\000t\000a\000t\000e\000m\000e\000n\000t}{chapter.1}% 9
\BOOKMARK [1][-]{section.1.2}{\376\377\000M\000o\000t\000i\000v\000a\000t\000i\000o\000n}{chapter.1}% 10
\BOOKMARK [1][-]{section.1.3}{\376\377\000H\000y\000p\000o\000t\000h\000e\000s\000i\000s}{chapter.1}% 11
\BOOKMARK [1][-]{section.1.4}{\376\377\000O\000b\000j\000e\000c\000t\000i\000v\000e\000s}{chapter.1}% 12
\BOOKMARK [1][-]{section.1.5}{\376\377\000D\000o\000c\000u\000m\000e\000n\000t\000\040\000o\000u\000t\000l\000i\000n\000e}{chapter.1}% 13
\BOOKMARK [0][-]{chapter.2}{\376\377\000I\000n\000t\000r\000o\000d\000u\000c\000t\000i\000o\000n}{}% 14
\BOOKMARK [1][-]{section.2.1}{\376\377\000P\000r\000o\000b\000l\000e\000m\000\040\000s\000t\000a\000t\000e\000m\000e\000n\000t}{chapter.2}% 15
\BOOKMARK [1][-]{section.2.2}{\376\377\000M\000o\000t\000i\000v\000a\000t\000i\000o\000n}{chapter.2}% 16
\BOOKMARK [1][-]{section.2.3}{\376\377\000H\000y\000p\000o\000t\000h\000e\000s\000i\000s}{chapter.2}% 17
\BOOKMARK [1][-]{section.2.4}{\376\377\000O\000b\000j\000e\000c\000t\000i\000v\000e\000s}{chapter.2}% 18
\BOOKMARK [1][-]{section.2.5}{\376\377\000D\000o\000c\000u\000m\000e\000n\000t\000\040\000o\000u\000t\000l\000i\000n\000e}{chapter.2}% 19
\BOOKMARK [0][-]{chapter.3}{\376\377\000I\000n\000t\000r\000o\000d\000u\000c\000t\000i\000o\000n}{}% 20
\BOOKMARK [1][-]{section.3.1}{\376\377\000P\000r\000o\000b\000l\000e\000m\000\040\000s\000t\000a\000t\000e\000m\000e\000n\000t}{chapter.3}% 21
\BOOKMARK [1][-]{section.3.2}{\376\377\000M\000o\000t\000i\000v\000a\000t\000i\000o\000n}{chapter.3}% 22
\BOOKMARK [1][-]{section.3.3}{\376\377\000H\000y\000p\000o\000t\000h\000e\000s\000i\000s}{chapter.3}% 23
\BOOKMARK [1][-]{section.3.4}{\376\377\000O\000b\000j\000e\000c\000t\000i\000v\000e\000s}{chapter.3}% 24
\BOOKMARK [1][-]{section.3.5}{\376\377\000D\000o\000c\000u\000m\000e\000n\000t\000\040\000o\000u\000t\000l\000i\000n\000e}{chapter.3}% 25
\BOOKMARK [0][-]{appendix.Alph1}{\376\377\000P\000u\000b\000l\000i\000c\000a\000c\000i\000o\000n\000e\000s}{}% 26
